<?xml version="1.0" encoding="UTF-8"?>
<!-- Generated by org.testng.reporters.JUnitXMLReporter -->
<testsuite ignored="0" hostname="MAA15-OPC6NE73W" failures="2" tests="6" name="Cases To Check Failure" time="59.355" errors="0" timestamp="2026-07-16T23:22:37 IST">
  <testcase classname="blinkit.FailingCases" name="checkCountOfCategoriesHomePage" time="5.316">
    <skipped/>
  </testcase> <!-- checkCountOfCategoriesHomePage -->
  <testcase classname="blinkit.FailingCases" name="checkCountOfCategoriesHomePage" time="4.634">
    <skipped/>
  </testcase> <!-- checkCountOfCategoriesHomePage -->
  <testcase classname="blinkit.FailingCases" name="checkCountOfCategoriesHomePage" time="6.04">
    <failure type="java.lang.AssertionError" message="expected [21] but found [20]">
      <![CDATA[java.lang.AssertionError: expected [21] but found [20]
at blinkit.FailingCases.checkCountOfCategoriesHomePage(FailingCases.java:23)
at java.base/java.util.ArrayList.forEach(ArrayList.java:1596)
at java.base/java.util.concurrent.FutureTask.run(FutureTask.java:317)
at java.base/java.util.concurrent.ThreadPoolExecutor.runWorker(ThreadPoolExecutor.java:1144)
at java.base/java.util.concurrent.ThreadPoolExecutor$Worker.run(ThreadPoolExecutor.java:642)
at java.base/java.lang.Thread.run(Thread.java:1583)
... Removed 22 stack frames]]>
    </failure>
  </testcase> <!-- checkCountOfCategoriesHomePage -->
  <testcase classname="blinkit.FailingCases" name="checkLocation" time="1.776">
    <skipped/>
  </testcase> <!-- checkLocation -->
  <testcase classname="blinkit.FailingCases" name="checkLocation" time="3.037">
    <skipped/>
  </testcase> <!-- checkLocation -->
  <testcase classname="blinkit.FailingCases" name="checkLocation" time="1.527">
    <failure type="java.lang.AssertionError" message="The location selected is not the expected location:  expected [Kochi] but found [Chennai]">
      <![CDATA[java.lang.AssertionError: The location selected is not the expected location:  expected [Kochi] but found [Chennai]
at blinkit.FailingCases.checkLocation(FailingCases.java:33)
at java.base/java.util.ArrayList.forEach(ArrayList.java:1596)
at java.base/java.util.concurrent.FutureTask.run(FutureTask.java:317)
at java.base/java.util.concurrent.ThreadPoolExecutor.runWorker(ThreadPoolExecutor.java:1144)
at java.base/java.util.concurrent.ThreadPoolExecutor$Worker.run(ThreadPoolExecutor.java:642)
at java.base/java.lang.Thread.run(Thread.java:1583)
... Removed 20 stack frames]]>
    </failure>
  </testcase> <!-- checkLocation -->
</testsuite> <!-- Cases To Check Failure -->
