<?xml version="1.0" encoding="UTF-8"?>
<!-- Generated by org.testng.reporters.JUnitXMLReporter -->
<testsuite ignored="0" hostname="MAA15-OPC6NE73W" failures="0" tests="4" name="Test" time="68.398" errors="0" timestamp="2026-07-16T23:22:45 IST">
  <testcase classname="blinkit.FooterLinksTest" name="checkFooterLinks" time="28.75"/>
  <testcase classname="blinkit.SidePanelElementsTest" name="checkSideElements" time="6.24"/>
  <testcase classname="blinkit.OrderTest" name="placeOrder" time="8.519"/>
  <testcase classname="blinkit.InputCheckTest" name="checkInputValue" time="4.132"/>
</testsuite> <!-- Test -->
