<?xml version="1.0" encoding="UTF-8"?>
<!-- Generated by org.testng.reporters.JUnitXMLReporter -->
<testsuite ignored="0" hostname="MAA15-OPC6NE73W" failures="0" tests="4" name="Test" time="89.215" errors="0" timestamp="2026-07-25T20:17:47 IST">
  <testcase classname="blinkit.FooterLinksTest" name="checkFooterLinks" time="34.045"/>
  <testcase classname="blinkit.SidePanelElementsTest" name="checkSideElements" time="5.501"/>
  <testcase classname="blinkit.OrderTest" name="placeOrder" time="11.767"/>
  <testcase classname="blinkit.InputCheckTest" name="checkInputValue" time="4.918"/>
</testsuite> <!-- Test -->
