<?xml version="1.0" encoding="UTF-8"?>
<testsuite xmlns:xsi="http://www.w3.org/2001/XMLSchema-instance" xsi:noNamespaceSchemaLocation="https://maven.apache.org/surefire/maven-surefire-plugin/xsd/surefire-test-report.xsd" version="3.0.2" name="TestSuite" time="90.273" tests="10" errors="0" skipped="4" failures="2">
  <properties>
[...]
</properties>
  <testcase name="checkCountOfCategoriesHomePage" classname="blinkit.FailingCases" time="0.0">
    <skipped message="expected [21] but found [20]"/>
    <system-out><![CDATA[17
]]></system-out>
    <system-err><![CDATA[SLF4J(W): No SLF4J providers were found.
SLF4J(W): Defaulting to no-operation (NOP) logger implementation
SLF4J(W): See https://www.slf4j.org/codes.html#noProviders for further details.
Jul 25, 2026 8:16:23 PM org.openqa.selenium.devtools.CdpVersionFinder findNearestMatch
WARNING: Unable to find an exact match for CDP version 150, returning the closest version; found: 148; Please update to a Selenium version that supports CDP version 150
Jul 25, 2026 8:16:25 PM org.openqa.selenium.devtools.CdpVersionFinder findNearestMatch
WARNING: Unable to find an exact match for CDP version 150, returning the closest version; found: 148; Please update to a Selenium version that supports CDP version 150
]]></system-err>
  </testcase>
  <testcase name="checkCountOfCategoriesHomePage" classname="blinkit.FailingCases" time="0.0">
    <skipped message="expected [21] but found [20]"/>
    <system-err><![CDATA[Jul 25, 2026 8:16:43 PM org.openqa.selenium.devtools.CdpVersionFinder findNearestMatch
WARNING: Unable to find an exact match for CDP version 150, returning the closest version; found: 148; Please update to a Selenium version that supports CDP version 150
]]></system-err>
  </testcase>
  <testcase name="checkCountOfCategoriesHomePage" classname="blinkit.FailingCases" time="5.387">
    <failure message="expected [21] but found [20]" type="java.lang.AssertionError"><![CDATA[java.lang.AssertionError: expected [21] but found [20]
	at org.testng.Assert.fail(Assert.java:111)
	at org.testng.Assert.failNotEquals(Assert.java:1590)
	at org.testng.Assert.assertEqualsImpl(Assert.java:150)
	at org.testng.Assert.assertEquals(Assert.java:132)
	at org.testng.Assert.assertEquals(Assert.java:1431)
	at org.testng.Assert.assertEquals(Assert.java:1395)
	at org.testng.Assert.assertEquals(Assert.java:1441)
	at blinkit.FailingCases.checkCountOfCategoriesHomePage(FailingCases.java:23)
	at java.base/jdk.internal.reflect.DirectMethodHandleAccessor.invoke(DirectMethodHandleAccessor.java:104)
	at java.base/java.lang.reflect.Method.invoke(Method.java:565)
	at org.testng.internal.invokers.MethodInvocationHelper.invokeMethod(MethodInvocationHelper.java:141)
	at org.testng.internal.invokers.TestInvoker.invokeMethod(TestInvoker.java:697)
	at org.testng.internal.invokers.TestInvoker.retryFailed(TestInvoker.java:280)
	at org.testng.internal.invokers.MethodRunner.runInSequence(MethodRunner.java:76)
	at org.testng.internal.invokers.TestInvoker$MethodInvocationAgent.invoke(TestInvoker.java:1005)
	at org.testng.internal.invokers.TestInvoker.invokeTestMethods(TestInvoker.java:203)
	at org.testng.internal.invokers.TestMethodWorker.invokeTestMethods(TestMethodWorker.java:154)
	at org.testng.internal.invokers.TestMethodWorker.run(TestMethodWorker.java:134)
	at java.base/java.util.ArrayList.forEach(ArrayList.java:1604)
	at org.testng.TestRunner.privateRun(TestRunner.java:744)
	at org.testng.TestRunner.run(TestRunner.java:616)
	at org.testng.SuiteRunner.runTest(SuiteRunner.java:421)
	at org.testng.SuiteRunner$SuiteWorker.run(SuiteRunner.java:463)
	at org.testng.internal.thread.ThreadUtil.lambda$execute$0(ThreadUtil.java:64)
	at java.base/java.util.concurrent.FutureTask.run(FutureTask.java:328)
	at java.base/java.util.concurrent.ThreadPoolExecutor.runWorker(ThreadPoolExecutor.java:1090)
	at java.base/java.util.concurrent.ThreadPoolExecutor$Worker.run(ThreadPoolExecutor.java:614)
	at java.base/java.lang.Thread.run(Thread.java:1474)
]]></failure>
  </testcase>
  <testcase name="checkLocation" classname="blinkit.FailingCases" time="0.0">
    <skipped message="The location selected is not the expected location:  expected [Kochi] but found [Chennai]"/>
    <system-out><![CDATA[Chennai
]]></system-out>
    <system-err><![CDATA[Jul 25, 2026 8:17:10 PM org.openqa.selenium.devtools.CdpVersionFinder findNearestMatch
WARNING: Unable to find an exact match for CDP version 150, returning the closest version; found: 148; Please update to a Selenium version that supports CDP version 150
Jul 25, 2026 8:17:12 PM org.openqa.selenium.devtools.CdpVersionFinder findNearestMatch
WARNING: Unable to find an exact match for CDP version 150, returning the closest version; found: 148; Please update to a Selenium version that supports CDP version 150
]]></system-err>
  </testcase>
  <testcase name="checkLocation" classname="blinkit.FailingCases" time="0.0">
    <skipped message="The location selected is not the expected location:  expected [Kochi] but found [Chennai]"/>
    <system-out><![CDATA[Chennai
]]></system-out>
    <system-err><![CDATA[Jul 25, 2026 8:17:23 PM org.openqa.selenium.devtools.CdpVersionFinder findNearestMatch
WARNING: Unable to find an exact match for CDP version 150, returning the closest version; found: 148; Please update to a Selenium version that supports CDP version 150
Jul 25, 2026 8:17:23 PM org.openqa.selenium.devtools.CdpVersionFinder findNearestMatch
WARNING: Unable to find an exact match for CDP version 150, returning the closest version; found: 148; Please update to a Selenium version that supports CDP version 150
]]></system-err>
  </testcase>
  <testcase name="checkLocation" classname="blinkit.FailingCases" time="2.229">
    <failure message="The location selected is not the expected location:  expected [Kochi] but found [Chennai]" type="java.lang.AssertionError"><![CDATA[java.lang.AssertionError: The location selected is not the expected location:  expected [Kochi] but found [Chennai]
	at org.testng.Assert.fail(Assert.java:111)
	at org.testng.Assert.failNotEquals(Assert.java:1590)
	at org.testng.Assert.assertEqualsImpl(Assert.java:150)
	at org.testng.Assert.assertEquals(Assert.java:132)
	at org.testng.Assert.assertEquals(Assert.java:656)
	at blinkit.FailingCases.checkLocation(FailingCases.java:33)
	at java.base/jdk.internal.reflect.DirectMethodHandleAccessor.invoke(DirectMethodHandleAccessor.java:104)
	at java.base/java.lang.reflect.Method.invoke(Method.java:565)
	at org.testng.internal.invokers.MethodInvocationHelper.invokeMethod(MethodInvocationHelper.java:141)
	at org.testng.internal.invokers.TestInvoker.invokeMethod(TestInvoker.java:697)
	at org.testng.internal.invokers.TestInvoker.retryFailed(TestInvoker.java:280)
	at org.testng.internal.invokers.MethodRunner.runInSequence(MethodRunner.java:76)
	at org.testng.internal.invokers.TestInvoker$MethodInvocationAgent.invoke(TestInvoker.java:1005)
	at org.testng.internal.invokers.TestInvoker.invokeTestMethods(TestInvoker.java:203)
	at org.testng.internal.invokers.TestMethodWorker.invokeTestMethods(TestMethodWorker.java:154)
	at org.testng.internal.invokers.TestMethodWorker.run(TestMethodWorker.java:134)
	at java.base/java.util.ArrayList.forEach(ArrayList.java:1604)
	at org.testng.TestRunner.privateRun(TestRunner.java:744)
	at org.testng.TestRunner.run(TestRunner.java:616)
	at org.testng.SuiteRunner.runTest(SuiteRunner.java:421)
	at org.testng.SuiteRunner$SuiteWorker.run(SuiteRunner.java:463)
	at org.testng.internal.thread.ThreadUtil.lambda$execute$0(ThreadUtil.java:64)
	at java.base/java.util.concurrent.FutureTask.run(FutureTask.java:328)
	at java.base/java.util.concurrent.ThreadPoolExecutor.runWorker(ThreadPoolExecutor.java:1090)
	at java.base/java.util.concurrent.ThreadPoolExecutor$Worker.run(ThreadPoolExecutor.java:614)
	at java.base/java.lang.Thread.run(Thread.java:1474)
]]></failure>
    <system-out><![CDATA[24
Smoking Cessation Herbal Cigarette by NIRDOSH
Mr. Merchant Banarasi Paan Mouth Freshener
Chandan Calcutta Mitha Paan Mouth Freshener
Chennai
]]></system-out>
    <system-err><![CDATA[Jul 25, 2026 8:17:31 PM org.openqa.selenium.devtools.CdpVersionFinder findNearestMatch
WARNING: Unable to find an exact match for CDP version 150, returning the closest version; found: 148; Please update to a Selenium version that supports CDP version 150
]]></system-err>
  </testcase>
  <testcase name="checkFooterLinks" classname="blinkit.FooterLinksTest" time="13.348">
    <system-out><![CDATA[Title is Feeding India | Making India Malnutrition Free
Title is 
Title is blinkit | Privacy policy
Title is District by Zomato: Movies, Events, Dining, Sports & Concerts Nearby
Title is blinkit | FAQs
Title is blinkit | Partnership
Title is Partners | Blinkit
Title is Sell Online on #1 Instant Delivery Service in India - Blinkit
Title is blinkit | Delivery Partner
Title is blinkit | Warehouse-English
Title is blinkit | Terms
Title is Blinkit Blog
Title is Blinkit Ambulance | Reaches you in minutes
Title is blinkit | Resources
Title is blinkit | Contact
Title is 30,000+ products delivered to your doorstep | Blinkit
Title is blinkit | Security
]]></system-out>
    <system-err><![CDATA[Jul 25, 2026 8:16:58 PM org.openqa.selenium.devtools.CdpVersionFinder findNearestMatch
WARNING: Unable to find an exact match for CDP version 150, returning the closest version; found: 148; Please update to a Selenium version that supports CDP version 150
]]></system-err>
  </testcase>
  <testcase name="checkSideElements" classname="blinkit.SidePanelElementsTest" time="4.845">
    <system-out><![CDATA[8
Checking element: Fresh Vegetables
Checking element: Fresh Fruits
Checking element: Exotics
Checking element: Seasonal
Checking element: Trusted Organic
Checking element: Leafies & Herbs
Checking element: Eggs
Checking element: Milk
]]></system-out>
  </testcase>
  <testcase name="placeOrder" classname="blinkit.OrderTest" time="2.708">
    <system-out><![CDATA[India's last minute app
]]></system-out>
  </testcase>
  <testcase name="checkInputValue" classname="blinkit.InputCheckTest" time="4.918">
    <system-err><![CDATA[Jul 25, 2026 8:17:38 PM org.openqa.selenium.remote.http.WebSocket$Listener onError
WARNING: Connection reset
java.net.SocketException: Connection reset
	at java.base/sun.nio.ch.SocketChannelImpl.throwConnectionReset(SocketChannelImpl.java:399)
	at java.base/sun.nio.ch.SocketChannelImpl.implRead(SocketChannelImpl.java:431)
	at java.base/sun.nio.ch.SocketChannelImpl.read(SocketChannelImpl.java:489)
	at java.net.http/jdk.internal.net.http.SocketTube.readAvailable(SocketTube.java:1215)
	at java.net.http/jdk.internal.net.http.SocketTube$InternalReadPublisher$InternalReadSubscription.read(SocketTube.java:871)
	at java.net.http/jdk.internal.net.http.SocketTube$SocketFlowTask.run(SocketTube.java:181)
	at java.net.http/jdk.internal.net.http.common.SequentialScheduler$SchedulableTask.run(SequentialScheduler.java:207)
	at java.net.http/jdk.internal.net.http.common.SequentialScheduler.runOrSchedule(SequentialScheduler.java:280)
	at java.net.http/jdk.internal.net.http.common.SequentialScheduler.runOrSchedule(SequentialScheduler.java:233)
	at java.net.http/jdk.internal.net.http.SocketTube$InternalReadPublisher$InternalReadSubscription.signalReadable(SocketTube.java:812)
	at java.net.http/jdk.internal.net.http.SocketTube$InternalReadPublisher$ReadEvent.signalEvent(SocketTube.java:1002)
	at java.net.http/jdk.internal.net.http.SocketTube$SocketFlowEvent.handle(SocketTube.java:253)
	at java.net.http/jdk.internal.net.http.HttpClientImpl$SelectorManager.handleEvent(HttpClientImpl.java:1439)
	at java.net.http/jdk.internal.net.http.HttpClientImpl$SelectorManager.lambda$run$3(HttpClientImpl.java:1384)
	at java.base/java.util.ArrayList.forEach(ArrayList.java:1604)
	at java.net.http/jdk.internal.net.http.HttpClientImpl$SelectorManager.run(HttpClientImpl.java:1384)

Jul 25, 2026 8:17:40 PM org.openqa.selenium.devtools.CdpVersionFinder findNearestMatch
WARNING: Unable to find an exact match for CDP version 150, returning the closest version; found: 148; Please update to a Selenium version that supports CDP version 150
]]></system-err>
  </testcase>
</testsuite>