<?xml version="1.0" encoding="UTF-8"?>
<!-- Generated by org.testng.reporters.JUnitReportReporter -->
<testsuite hostname="MAA15-OPC6NE73W" failures="0" tests="2" name="extentReportsDemo.ExtentReportsDemo" time="6.708" errors="0" timestamp="2026-07-16T15:43:00 IST" skipped="0">
  <testcase classname="extentReportsDemo.ExtentReportsDemo" name="getTitleFail" time="2.357"/>
  <testcase classname="extentReportsDemo.ExtentReportsDemo" name="getTitle" time="4.351"/>
</testsuite> <!-- extentReportsDemo.ExtentReportsDemo -->
